[array([[ 0.70710678,  0.70710678],
       [ 0.70710678, -0.70710678]]), array([[1.000000e+00+0.j, 0.000000e+00+0.j],
       [0.000000e+00+0.j, 6.123234e-17+1.j]]), array([[1.        +0.j        , 0.        +0.j        ],
       [0.        +0.j        , 0.70710678+0.70710678j]])]
0+0j  0+0j  0+0j  0+0j  1+0j  0+0j  0+0j  0+0j  
0+0j  0+0j  0+0j  0+0j  0+0j  1+0j  0+0j  0+0j  
0+0j  0+0j  0+0j  0+0j  0+0j  0+0j  1+0j  0+0j  
0+0j  0+0j  0+0j  0+0j  0+0j  0+0j  0+0j  1+0j  
1+0j  0+0j  0+0j  0+0j  0+0j  0+0j  0+0j  0+0j  
0+0j  1+0j  0+0j  0+0j  0+0j  0+0j  0+0j  0+0j  
0+0j  0+0j  1+0j  0+0j  0+0j  0+0j  0+0j  0+0j  
0+0j  0+0j  0+0j  1+0j  0+0j  0+0j  0+0j  0+0j  
0+0j  0+0j  1+0j  0+0j  0+0j  0+0j  0+0j  0+0j  
0+0j  0+0j  0+0j  1+0j  0+0j  0+0j  0+0j  0+0j  
1+0j  0+0j  0+0j  0+0j  0+0j  0+0j  0+0j  0+0j  
0+0j  1+0j  0+0j  0+0j  0+0j  0+0j  0+0j  0+0j  
0+0j  0+0j  0+0j  0+0j  0+0j  0+0j  1+0j  0+0j  
0+0j  0+0j  0+0j  0+0j  0+0j  0+0j  0+0j  1+0j  
0+0j  0+0j  0+0j  0+0j  1+0j  0+0j  0+0j  0+0j  
0+0j  0+0j  0+0j  0+0j  0+0j  1+0j  0+0j  0+0j  
0+0j  0+0j  0+0j  0+0j  0-1j  0-0j  0-0j  0-0j  
0+0j  0+0j  0+0j  0+0j  0-0j  0-1j  0-0j  0-0j  
0+0j  0+0j  0+0j  0+0j  0-0j  0-0j  0-1j  0-0j  
0+0j  0+0j  0+0j  0+0j  0-0j  0-0j  0-0j  0-1j  
0+1j  0+0j  0+0j  0+0j  0+0j  0+0j  0+0j  0+0j  
0+0j  0+1j  0+0j  0+0j  0+0j  0+0j  0+0j  0+0j  
0+0j  0+0j  0+1j  0+0j  0+0j  0+0j  0+0j  0+0j  
0+0j  0+0j  0+0j  0+1j  0+0j  0+0j  0+0j  0+0j  
0+0j  0+0j  0-1j  0+0j  0+0j  0+0j  0+0j  0+0j  
0+0j  0+0j  0+0j  0-1j  0+0j  0+0j  0+0j  0+0j  
0+1j  0+0j  0+0j  0+0j  0+0j  0+0j  0+0j  0+0j  
0+0j  0+1j  0+0j  0+0j  0+0j  0+0j  0+0j  0+0j  
0+0j  0+0j  0+0j  0+0j  0+0j  0+0j  0-1j  0+0j  
0+0j  0+0j  0+0j  0+0j  0+0j  0+0j  0+0j  0-1j  
0+0j  0+0j  0+0j  0+0j  0+1j  0+0j  0+0j  0+0j  
0+0j  0+0j  0+0j  0+0j  0+0j  0+1j  0+0j  0+0j  
1+0j  0+0j  0+0j  0+0j   0+0j   0+0j   0+0j   0+0j  
0+0j  1+0j  0+0j  0+0j   0+0j   0+0j   0+0j   0+0j  
0+0j  0+0j  1+0j  0+0j   0+0j   0+0j   0+0j   0+0j  
0+0j  0+0j  0+0j  1+0j   0+0j   0+0j   0+0j   0+0j  
0+0j  0+0j  0+0j  0+0j  -1+0j  -0+0j  -0+0j  -0+0j  
0+0j  0+0j  0+0j  0+0j  -0+0j  -1+0j  -0+0j  -0+0j  
0+0j  0+0j  0+0j  0+0j  -0+0j  -0+0j  -1+0j  -0+0j  
0+0j  0+0j  0+0j  0+0j  -0+0j  -0+0j  -0+0j  -1+0j  
1+0j  0+0j   0+0j   0+0j  0+0j  0+0j   0+0j   0+0j  
0+0j  1+0j   0+0j   0+0j  0+0j  0+0j   0+0j   0+0j  
0+0j  0+0j  -1+0j  -0+0j  0+0j  0+0j  -0+0j  -0+0j  
0+0j  0+0j  -0+0j  -1+0j  0+0j  0+0j  -0+0j  -0+0j  
0+0j  0+0j   0+0j   0+0j  1+0j  0+0j   0+0j   0+0j  
0+0j  0+0j   0+0j   0+0j  0+0j  1+0j   0+0j   0+0j  
0+0j  0+0j  -0+0j  -0+0j  0+0j  0+0j  -1+0j  -0+0j  
0+0j  0+0j  -0+0j  -0+0j  0+0j  0+0j  -0+0j  -1+0j  
0.25+0j     0+0j      0+0j      0+0j      0+0j      0+0j     0+0j     0+0j  
   0+0j  0.25+0j      0+0j      0+0j      0+0j      0+0j     0+0j     0+0j  
   0+0j     0+0j  -0.25+0j      0+0j    0.5+0j      0+0j     0+0j     0+0j  
   0+0j     0+0j      0+0j  -0.25+0j      0+0j    0.5+0j     0+0j     0+0j  
   0+0j     0+0j    0.5+0j      0+0j  -0.25+0j      0+0j     0+0j     0+0j  
   0+0j     0+0j      0+0j    0.5+0j      0+0j  -0.25+0j     0+0j     0+0j  
   0+0j     0+0j      0+0j      0+0j      0+0j      0+0j  0.25+0j     0+0j  
   0+0j     0+0j      0+0j      0+0j      0+0j      0+0j     0+0j  0.25+0j  
0+0j  0+0j  0+0j  0+0j  1+0j  0+0j  0+0j  0+0j  
0+0j  0+0j  0+0j  0+0j  0+0j  1+0j  0+0j  0+0j  
0+0j  0+0j  0+0j  0+0j  0+0j  0+0j  1+0j  0+0j  
0+0j  0+0j  0+0j  0+0j  0+0j  0+0j  0+0j  1+0j  
1+0j  0+0j  0+0j  0+0j  0+0j  0+0j  0+0j  0+0j  
0+0j  1+0j  0+0j  0+0j  0+0j  0+0j  0+0j  0+0j  
0+0j  0+0j  1+0j  0+0j  0+0j  0+0j  0+0j  0+0j  
0+0j  0+0j  0+0j  1+0j  0+0j  0+0j  0+0j  0+0j  
0+0j  0+0j  1+0j  0+0j  0+0j  0+0j  0+0j  0+0j  
0+0j  0+0j  0+0j  1+0j  0+0j  0+0j  0+0j  0+0j  
1+0j  0+0j  0+0j  0+0j  0+0j  0+0j  0+0j  0+0j  
0+0j  1+0j  0+0j  0+0j  0+0j  0+0j  0+0j  0+0j  
0+0j  0+0j  0+0j  0+0j  0+0j  0+0j  1+0j  0+0j  
0+0j  0+0j  0+0j  0+0j  0+0j  0+0j  0+0j  1+0j  
0+0j  0+0j  0+0j  0+0j  1+0j  0+0j  0+0j  0+0j  
0+0j  0+0j  0+0j  0+0j  0+0j  1+0j  0+0j  0+0j  
0+0j  0+0j  0+0j  0+0j  0-1j  0-0j  0-0j  0-0j  
0+0j  0+0j  0+0j  0+0j  0-0j  0-1j  0-0j  0-0j  
0+0j  0+0j  0+0j  0+0j  0-0j  0-0j  0-1j  0-0j  
0+0j  0+0j  0+0j  0+0j  0-0j  0-0j  0-0j  0-1j  
0+1j  0+0j  0+0j  0+0j  0+0j  0+0j  0+0j  0+0j  
0+0j  0+1j  0+0j  0+0j  0+0j  0+0j  0+0j  0+0j  
0+0j  0+0j  0+1j  0+0j  0+0j  0+0j  0+0j  0+0j  
0+0j  0+0j  0+0j  0+1j  0+0j  0+0j  0+0j  0+0j  
0+0j  0+0j  0-1j  0+0j  0+0j  0+0j  0+0j  0+0j  
0+0j  0+0j  0+0j  0-1j  0+0j  0+0j  0+0j  0+0j  
0+1j  0+0j  0+0j  0+0j  0+0j  0+0j  0+0j  0+0j  
0+0j  0+1j  0+0j  0+0j  0+0j  0+0j  0+0j  0+0j  
0+0j  0+0j  0+0j  0+0j  0+0j  0+0j  0-1j  0+0j  
0+0j  0+0j  0+0j  0+0j  0+0j  0+0j  0+0j  0-1j  
0+0j  0+0j  0+0j  0+0j  0+1j  0+0j  0+0j  0+0j  
0+0j  0+0j  0+0j  0+0j  0+0j  0+1j  0+0j  0+0j  
1+0j  0+0j  0+0j  0+0j   0+0j   0+0j   0+0j   0+0j  
0+0j  1+0j  0+0j  0+0j   0+0j   0+0j   0+0j   0+0j  
0+0j  0+0j  1+0j  0+0j   0+0j   0+0j   0+0j   0+0j  
0+0j  0+0j  0+0j  1+0j   0+0j   0+0j   0+0j   0+0j  
0+0j  0+0j  0+0j  0+0j  -1+0j  -0+0j  -0+0j  -0+0j  
0+0j  0+0j  0+0j  0+0j  -0+0j  -1+0j  -0+0j  -0+0j  
0+0j  0+0j  0+0j  0+0j  -0+0j  -0+0j  -1+0j  -0+0j  
0+0j  0+0j  0+0j  0+0j  -0+0j  -0+0j  -0+0j  -1+0j  
1+0j  0+0j   0+0j   0+0j  0+0j  0+0j   0+0j   0+0j  
0+0j  1+0j   0+0j   0+0j  0+0j  0+0j   0+0j   0+0j  
0+0j  0+0j  -1+0j  -0+0j  0+0j  0+0j  -0+0j  -0+0j  
0+0j  0+0j  -0+0j  -1+0j  0+0j  0+0j  -0+0j  -0+0j  
0+0j  0+0j   0+0j   0+0j  1+0j  0+0j   0+0j   0+0j  
0+0j  0+0j   0+0j   0+0j  0+0j  1+0j   0+0j   0+0j  
0+0j  0+0j  -0+0j  -0+0j  0+0j  0+0j  -1+0j  -0+0j  
0+0j  0+0j  -0+0j  -0+0j  0+0j  0+0j  -0+0j  -1+0j  
0+0j  0+0j  1+0j  0+0j  0+0j  0+0j  0+0j  0+0j  
0+0j  0+0j  0+0j  1+0j  0+0j  0+0j  0+0j  0+0j  
1+0j  0+0j  0+0j  0+0j  0+0j  0+0j  0+0j  0+0j  
0+0j  1+0j  0+0j  0+0j  0+0j  0+0j  0+0j  0+0j  
0+0j  0+0j  0+0j  0+0j  0+0j  0+0j  1+0j  0+0j  
0+0j  0+0j  0+0j  0+0j  0+0j  0+0j  0+0j  1+0j  
0+0j  0+0j  0+0j  0+0j  1+0j  0+0j  0+0j  0+0j  
0+0j  0+0j  0+0j  0+0j  0+0j  1+0j  0+0j  0+0j  
0+0j  1+0j  0+0j  0+0j  0+0j  0+0j  0+0j  0+0j  
1+0j  0+0j  0+0j  0+0j  0+0j  0+0j  0+0j  0+0j  
0+0j  0+0j  0+0j  1+0j  0+0j  0+0j  0+0j  0+0j  
0+0j  0+0j  1+0j  0+0j  0+0j  0+0j  0+0j  0+0j  
0+0j  0+0j  0+0j  0+0j  0+0j  1+0j  0+0j  0+0j  
0+0j  0+0j  0+0j  0+0j  1+0j  0+0j  0+0j  0+0j  
0+0j  0+0j  0+0j  0+0j  0+0j  0+0j  0+0j  1+0j  
0+0j  0+0j  0+0j  0+0j  0+0j  0+0j  1+0j  0+0j  
0+0j  0+0j  0-1j  0+0j  0+0j  0+0j  0+0j  0+0j  
0+0j  0+0j  0+0j  0-1j  0+0j  0+0j  0+0j  0+0j  
0+1j  0+0j  0+0j  0+0j  0+0j  0+0j  0+0j  0+0j  
0+0j  0+1j  0+0j  0+0j  0+0j  0+0j  0+0j  0+0j  
0+0j  0+0j  0+0j  0+0j  0+0j  0+0j  0-1j  0+0j  
0+0j  0+0j  0+0j  0+0j  0+0j  0+0j  0+0j  0-1j  
0+0j  0+0j  0+0j  0+0j  0+1j  0+0j  0+0j  0+0j  
0+0j  0+0j  0+0j  0+0j  0+0j  0+1j  0+0j  0+0j  
0+0j  0-1j  0+0j  0+0j  0+0j  0+0j  0+0j  0+0j  
0+1j  0+0j  0+0j  0+0j  0+0j  0+0j  0+0j  0+0j  
0+0j  0+0j  0+0j  0-1j  0+0j  0+0j  0+0j  0+0j  
0+0j  0+0j  0+1j  0+0j  0+0j  0+0j  0+0j  0+0j  
0+0j  0+0j  0+0j  0+0j  0+0j  0-1j  0+0j  0+0j  
0+0j  0+0j  0+0j  0+0j  0+1j  0+0j  0+0j  0+0j  
0+0j  0+0j  0+0j  0+0j  0+0j  0+0j  0+0j  0-1j  
0+0j  0+0j  0+0j  0+0j  0+0j  0+0j  0+1j  0+0j  
1+0j  0+0j   0+0j   0+0j  0+0j  0+0j   0+0j   0+0j  
0+0j  1+0j   0+0j   0+0j  0+0j  0+0j   0+0j   0+0j  
0+0j  0+0j  -1+0j  -0+0j  0+0j  0+0j  -0+0j  -0+0j  
0+0j  0+0j  -0+0j  -1+0j  0+0j  0+0j  -0+0j  -0+0j  
0+0j  0+0j   0+0j   0+0j  1+0j  0+0j   0+0j   0+0j  
0+0j  0+0j   0+0j   0+0j  0+0j  1+0j   0+0j   0+0j  
0+0j  0+0j  -0+0j  -0+0j  0+0j  0+0j  -1+0j  -0+0j  
0+0j  0+0j  -0+0j  -0+0j  0+0j  0+0j  -0+0j  -1+0j  
1+0j   0+0j  0+0j   0+0j  0+0j   0+0j  0+0j   0+0j  
0+0j  -1+0j  0+0j  -0+0j  0+0j  -0+0j  0+0j  -0+0j  
0+0j   0+0j  1+0j   0+0j  0+0j   0+0j  0+0j   0+0j  
0+0j  -0+0j  0+0j  -1+0j  0+0j  -0+0j  0+0j  -0+0j  
0+0j   0+0j  0+0j   0+0j  1+0j   0+0j  0+0j   0+0j  
0+0j  -0+0j  0+0j  -0+0j  0+0j  -1+0j  0+0j  -0+0j  
0+0j   0+0j  0+0j   0+0j  0+0j   0+0j  1+0j   0+0j  
0+0j  -0+0j  0+0j  -0+0j  0+0j  -0+0j  0+0j  -1+0j  
0.25+0j      0+0j      0+0j     0+0j     0+0j      0+0j      0+0j     0+0j  
   0+0j  -0.25+0j    0.5+0j     0+0j     0+0j      0+0j      0+0j     0+0j  
   0+0j    0.5+0j  -0.25+0j     0+0j     0+0j      0+0j      0+0j     0+0j  
   0+0j      0+0j      0+0j  0.25+0j     0+0j      0+0j      0+0j     0+0j  
   0+0j      0+0j      0+0j     0+0j  0.25+0j      0+0j      0+0j     0+0j  
   0+0j      0+0j      0+0j     0+0j     0+0j  -0.25+0j    0.5+0j     0+0j  
   0+0j      0+0j      0+0j     0+0j     0+0j    0.5+0j  -0.25+0j     0+0j  
   0+0j      0+0j      0+0j     0+0j     0+0j      0+0j      0+0j  0.25+0j  
0+0j  0+0j  1+0j  0+0j  0+0j  0+0j  0+0j  0+0j  
0+0j  0+0j  0+0j  1+0j  0+0j  0+0j  0+0j  0+0j  
1+0j  0+0j  0+0j  0+0j  0+0j  0+0j  0+0j  0+0j  
0+0j  1+0j  0+0j  0+0j  0+0j  0+0j  0+0j  0+0j  
0+0j  0+0j  0+0j  0+0j  0+0j  0+0j  1+0j  0+0j  
0+0j  0+0j  0+0j  0+0j  0+0j  0+0j  0+0j  1+0j  
0+0j  0+0j  0+0j  0+0j  1+0j  0+0j  0+0j  0+0j  
0+0j  0+0j  0+0j  0+0j  0+0j  1+0j  0+0j  0+0j  
0+0j  1+0j  0+0j  0+0j  0+0j  0+0j  0+0j  0+0j  
1+0j  0+0j  0+0j  0+0j  0+0j  0+0j  0+0j  0+0j  
0+0j  0+0j  0+0j  1+0j  0+0j  0+0j  0+0j  0+0j  
0+0j  0+0j  1+0j  0+0j  0+0j  0+0j  0+0j  0+0j  
0+0j  0+0j  0+0j  0+0j  0+0j  1+0j  0+0j  0+0j  
0+0j  0+0j  0+0j  0+0j  1+0j  0+0j  0+0j  0+0j  
0+0j  0+0j  0+0j  0+0j  0+0j  0+0j  0+0j  1+0j  
0+0j  0+0j  0+0j  0+0j  0+0j  0+0j  1+0j  0+0j  
0+0j  0+0j  0-1j  0+0j  0+0j  0+0j  0+0j  0+0j  
0+0j  0+0j  0+0j  0-1j  0+0j  0+0j  0+0j  0+0j  
0+1j  0+0j  0+0j  0+0j  0+0j  0+0j  0+0j  0+0j  
0+0j  0+1j  0+0j  0+0j  0+0j  0+0j  0+0j  0+0j  
0+0j  0+0j  0+0j  0+0j  0+0j  0+0j  0-1j  0+0j  
0+0j  0+0j  0+0j  0+0j  0+0j  0+0j  0+0j  0-1j  
0+0j  0+0j  0+0j  0+0j  0+1j  0+0j  0+0j  0+0j  
0+0j  0+0j  0+0j  0+0j  0+0j  0+1j  0+0j  0+0j  
0+0j  0-1j  0+0j  0+0j  0+0j  0+0j  0+0j  0+0j  
0+1j  0+0j  0+0j  0+0j  0+0j  0+0j  0+0j  0+0j  
0+0j  0+0j  0+0j  0-1j  0+0j  0+0j  0+0j  0+0j  
0+0j  0+0j  0+1j  0+0j  0+0j  0+0j  0+0j  0+0j  
0+0j  0+0j  0+0j  0+0j  0+0j  0-1j  0+0j  0+0j  
0+0j  0+0j  0+0j  0+0j  0+1j  0+0j  0+0j  0+0j  
0+0j  0+0j  0+0j  0+0j  0+0j  0+0j  0+0j  0-1j  
0+0j  0+0j  0+0j  0+0j  0+0j  0+0j  0+1j  0+0j  
1+0j  0+0j   0+0j   0+0j  0+0j  0+0j   0+0j   0+0j  
0+0j  1+0j   0+0j   0+0j  0+0j  0+0j   0+0j   0+0j  
0+0j  0+0j  -1+0j  -0+0j  0+0j  0+0j  -0+0j  -0+0j  
0+0j  0+0j  -0+0j  -1+0j  0+0j  0+0j  -0+0j  -0+0j  
0+0j  0+0j   0+0j   0+0j  1+0j  0+0j   0+0j   0+0j  
0+0j  0+0j   0+0j   0+0j  0+0j  1+0j   0+0j   0+0j  
0+0j  0+0j  -0+0j  -0+0j  0+0j  0+0j  -1+0j  -0+0j  
0+0j  0+0j  -0+0j  -0+0j  0+0j  0+0j  -0+0j  -1+0j  
1+0j   0+0j  0+0j   0+0j  0+0j   0+0j  0+0j   0+0j  
0+0j  -1+0j  0+0j  -0+0j  0+0j  -0+0j  0+0j  -0+0j  
0+0j   0+0j  1+0j   0+0j  0+0j   0+0j  0+0j   0+0j  
0+0j  -0+0j  0+0j  -1+0j  0+0j  -0+0j  0+0j  -0+0j  
0+0j   0+0j  0+0j   0+0j  1+0j   0+0j  0+0j   0+0j  
0+0j  -0+0j  0+0j  -0+0j  0+0j  -1+0j  0+0j  -0+0j  
0+0j   0+0j  0+0j   0+0j  0+0j   0+0j  1+0j   0+0j  
0+0j  -0+0j  0+0j  -0+0j  0+0j  -0+0j  0+0j  -1+0j  
[0, 0, 0]
[1 0 0 0 0 0 0 0]
[1, 0, 0]
[0 0 0 0 1 0 0 0]
[0, 1, 0]
[0 0 1 0 0 0 0 0]
[0, 0, 1]
[0 1 0 0 0 0 0 0]
[1, 1, 1]
[0 0 0 0 0 0 0 1]
[1, 0, 1]
[0 0 0 0 0 1 0 0]
[0, 1, 1]
[0 0 0 1 0 0 0 0]
[1, 1, 0]
[0 0 0 0 0 0 1 0]
0 
1 
[ 0.          0.          0.70710678  0.         -0.70710678  0.
  0.          0.        ]
[ 0.          0.81649658 -0.40824829  0.         -0.40824829  0.
  0.          0.        ]
40
{'Min': 5626.0, 'Max': 29585.0, 'Avg': 15809.2608, 'Std': 3432.725732706206, 'Generation': 1}
{'Min': 5185.0, 'Max': 30277.0, 'Avg': 15814.2416, 'Std': 3426.969294876953, 'Generation': 2}
{'Min': 4357.0, 'Max': 30626.0, 'Avg': 15876.6035, 'Std': 3398.8357262285786, 'Generation': 3}
{'Min': 4762.0, 'Max': 30277.0, 'Avg': 15832.2307, 'Std': 3468.075108252056, 'Generation': 4}
{'Min': 5477.0, 'Max': 29585.0, 'Avg': 15915.4484, 'Std': 3403.598619070327, 'Generation': 5}
{'Min': 5477.0, 'Max': 32042.0, 'Avg': 15832.2777, 'Std': 3398.2028757539933, 'Generation': 6}
{'Min': 5626.0, 'Max': 32042.0, 'Avg': 15797.1694, 'Std': 3437.861513776208, 'Generation': 7}
{'Min': 5042.0, 'Max': 29585.0, 'Avg': 15816.8175, 'Std': 3460.5102561029566, 'Generation': 8}
{'Min': 5477.0, 'Max': 31685.0, 'Avg': 15773.7581, 'Std': 3420.7567067805903, 'Generation': 9}
{'Min': 5477.0, 'Max': 31330.0, 'Avg': 15797.9936, 'Std': 3433.5118689701712, 'Generation': 10}
{'Min': 5185.0, 'Max': 32401.0, 'Avg': 15767.6849, 'Std': 3388.4498868084197, 'Generation': 11}
{'Min': 5042.0, 'Max': 30977.0, 'Avg': 15749.2986, 'Std': 3412.9422264430495, 'Generation': 12}
{'Min': 5777.0, 'Max': 29242.0, 'Avg': 15818.7604, 'Std': 3381.012781784748, 'Generation': 13}
{'Min': 5626.0, 'Max': 32401.0, 'Avg': 15799.0675, 'Std': 3396.63869249347, 'Generation': 14}
{'Min': 5330.0, 'Max': 30977.0, 'Avg': 15838.4307, 'Std': 3447.4168640588723, 'Generation': 15}
{'Min': 5042.0, 'Max': 30977.0, 'Avg': 15842.8003, 'Std': 3453.2381725591863, 'Generation': 16}
{'Min': 5477.0, 'Max': 31685.0, 'Avg': 15873.2794, 'Std': 3488.874093821048, 'Generation': 17}
{'Min': 4762.0, 'Max': 32401.0, 'Avg': 15777.9733, 'Std': 3394.0569933911115, 'Generation': 18}
{'Min': 5777.0, 'Max': 32042.0, 'Avg': 15851.171, 'Std': 3409.2999327367784, 'Generation': 19}
{'Min': 4357.0, 'Max': 30626.0, 'Avg': 15779.6193, 'Std': 3426.6239965551385, 'Generation': 20}
{'Min': 5626.0, 'Max': 31685.0, 'Avg': 15819.5602, 'Std': 3424.025711406963, 'Generation': 21}
{'Min': 5042.0, 'Max': 30277.0, 'Avg': 15813.3308, 'Std': 3439.799403478546, 'Generation': 22}
{'Min': 5477.0, 'Max': 33125.0, 'Avg': 15789.0706, 'Std': 3419.290103634911, 'Generation': 23}
{'Min': 5777.0, 'Max': 32401.0, 'Avg': 15776.5662, 'Std': 3446.8421260651844, 'Generation': 24}
{'Min': 4226.0, 'Max': 30977.0, 'Avg': 15824.2347, 'Std': 3403.3737363116484, 'Generation': 25}
{'Min': 5626.0, 'Max': 32762.0, 'Avg': 15842.7224, 'Std': 3430.978251947721, 'Generation': 26}
{'Min': 5777.0, 'Max': 30626.0, 'Avg': 15801.9419, 'Std': 3427.572574158626, 'Generation': 27}
{'Min': 5477.0, 'Max': 30977.0, 'Avg': 15737.2304, 'Std': 3421.3205525521635, 'Generation': 28}
{'Min': 4901.0, 'Max': 33857.0, 'Avg': 15834.3152, 'Std': 3446.888490370549, 'Generation': 29}
{'Min': 4901.0, 'Max': 32042.0, 'Avg': 15809.192, 'Std': 3429.655272871604, 'Generation': 30}
{'Min': 6242.0, 'Max': 30626.0, 'Avg': 15835.9552, 'Std': 3436.477398731579, 'Generation': 31}
{'Min': 5777.0, 'Max': 28562.0, 'Avg': 15783.6184, 'Std': 3428.1661850005817, 'Generation': 32}
{'Min': 5477.0, 'Max': 30626.0, 'Avg': 15863.7189, 'Std': 3421.3703103409885, 'Generation': 33}
{'Min': 5477.0, 'Max': 32042.0, 'Avg': 15856.3166, 'Std': 3424.419924303157, 'Generation': 34}
{'Min': 5777.0, 'Max': 32042.0, 'Avg': 15863.2817, 'Std': 3406.7860497461697, 'Generation': 35}
{'Min': 4901.0, 'Max': 32762.0, 'Avg': 15833.1385, 'Std': 3479.838208842151, 'Generation': 36}
{'Min': 4490.0, 'Max': 30277.0, 'Avg': 15856.2723, 'Std': 3452.951079519186, 'Generation': 37}
{'Min': 5777.0, 'Max': 30977.0, 'Avg': 15781.0464, 'Std': 3463.709468741141, 'Generation': 38}
{'Min': 5185.0, 'Max': 30977.0, 'Avg': 15810.387, 'Std': 3422.7994106039864, 'Generation': 39}
{'Min': 4901.0, 'Max': 31685.0, 'Avg': 15758.2752, 'Std': 3470.2184384653597, 'Generation': 40}
{'Min': 4762.0, 'Max': 33125.0, 'Avg': 15855.5191, 'Std': 3464.759430961288, 'Generation': 41}
{'Min': 5626.0, 'Max': 30277.0, 'Avg': 15837.0132, 'Std': 3440.581272027411, 'Generation': 42}
{'Min': 5042.0, 'Max': 30277.0, 'Avg': 15760.3629, 'Std': 3446.0606375691636, 'Generation': 43}
{'Min': 5477.0, 'Max': 29930.0, 'Avg': 15843.3246, 'Std': 3428.7290710166703, 'Generation': 44}
{'Min': 4901.0, 'Max': 31330.0, 'Avg': 15773.7138, 'Std': 3416.546667307438, 'Generation': 45}
{'Min': 6085.0, 'Max': 30977.0, 'Avg': 15840.4581, 'Std': 3452.4338072212754, 'Generation': 46}
{'Min': 5777.0, 'Max': 30277.0, 'Avg': 15812.3991, 'Std': 3433.364503693016, 'Generation': 47}
{'Min': 4490.0, 'Max': 32042.0, 'Avg': 15827.5805, 'Std': 3463.7480358016446, 'Generation': 48}
{'Min': 5777.0, 'Max': 31330.0, 'Avg': 15830.8113, 'Std': 3457.215527630916, 'Generation': 49}
{'Min': 4762.0, 'Max': 31330.0, 'Avg': 15796.9015, 'Std': 3424.1797638263315, 'Generation': 50}
{'Min': 5777.0, 'Max': 36101.0, 'Avg': 15754.4941, 'Std': 3413.9601457786807, 'Generation': 51}
{'Min': 4490.0, 'Max': 31330.0, 'Avg': 15830.3047, 'Std': 3415.969844664603, 'Generation': 52}
